"../../../../../../Users/RTGUnit02/Documents/Unreal Projects/FakeWitch/Content/FakeWitch/Blueprint/Character/CH_Main.uasset" 0
"../../../../../../Users/RTGUnit02/Documents/Unreal Projects/FakeWitch/Content/Mannequin/Character/Mesh/UE4_Mannequin_Skeleton.uasset" 1
"../../../../../../Users/RTGUnit02/Documents/Unreal Projects/FakeWitch/Content/Mannequin/Animations/ThirdPersonJump_End.uasset" 2
"../../../../../../Users/RTGUnit02/Documents/Unreal Projects/FakeWitch/Content/Mannequin/Animations/ThirdPerson_Jump.uasset" 3
"../../../../../../Users/RTGUnit02/Documents/Unreal Projects/FakeWitch/Content/Mannequin/Animations/ThirdPersonJump_Loop.uasset" 4
"../../../../../../Users/RTGUnit02/Documents/Unreal Projects/FakeWitch/Content/Mannequin/Animations/ThirdPersonJump_Start.uasset" 5
"../../../../../../Users/RTGUnit02/Documents/Unreal Projects/FakeWitch/Content/Mannequin/Animations/ThirdPersonIdle.uasset" 6
"../../../../../../Users/RTGUnit02/Documents/Unreal Projects/FakeWitch/Content/Mannequin/Animations/ThirdPersonRun.uasset" 7
"../../../../../../Users/RTGUnit02/Documents/Unreal Projects/FakeWitch/Content/Mannequin/Animations/ThirdPersonWalk.uasset" 8
"../../../../../../Users/RTGUnit02/Documents/Unreal Projects/FakeWitch/Content/Mannequin/Animations/ThirdPerson_IdleRun_2D.uasset" 9
"../../../Engine/Content/EditorBlueprintResources/StandardMacros.uasset" 10
"../../../../../../Users/RTGUnit02/Documents/Unreal Projects/FakeWitch/Content/Mannequin/Animations/ThirdPerson_AnimBP.uasset" 11
"../../../Engine/Content/BasicShapes/BasicShapeMaterial.uasset" 12
"../../../Engine/Content/Functions/Engine_MaterialFunctions01/Opacity/CameraDepthFade.uasset" 13
"../../../Engine/Content/EngineMaterials/T_Default_Material_Grid_M.uasset" 14
"../../../Engine/Content/EngineMaterials/T_Default_Material_Grid_N.uasset" 15
"../../../Engine/Content/EngineMaterials/DefaultMaterial.uasset" 16
"../../../Engine/Content/BasicShapes/Cone.uasset" 17
"../../../../../../Users/RTGUnit02/Documents/Unreal Projects/FakeWitch/Content/FakeWitch/Blueprint/Actor/Flask/Flask.uasset" 18
"../../../../../../Users/RTGUnit02/Documents/Unreal Projects/FakeWitch/Content/FakeWitch/Asset/Material/Mat_BluePot.uasset" 19
"../../../../../../Users/RTGUnit02/Documents/Unreal Projects/FakeWitch/Content/FakeWitch/Blueprint/Actor/Flask/BPChild_FlaskBlue.uasset" 20
"../../../../../../Users/RTGUnit02/Documents/Unreal Projects/FakeWitch/Content/FakeWitch/Asset/Material/Mat_GBMix.uasset" 21
"../../../../../../Users/RTGUnit02/Documents/Unreal Projects/FakeWitch/Content/FakeWitch/Blueprint/Actor/Flask/BPChild_FlaskGreen.uasset" 22
"../../../../../../Users/RTGUnit02/Documents/Unreal Projects/FakeWitch/Content/FakeWitch/Asset/Material/Mat_RedPot.uasset" 23
"../../../../../../Users/RTGUnit02/Documents/Unreal Projects/FakeWitch/Content/FakeWitch/Blueprint/Actor/Flask/BPChild_FlaskRed.uasset" 24
"../../../../../../Users/RTGUnit02/Documents/Unreal Projects/FakeWitch/Content/FakeWitch/Blueprint/Widget/WBP_GameOver.uasset" 25
"../../../../../../Users/RTGUnit02/Documents/Unreal Projects/FakeWitch/Content/FakeWitch/Asset/Texture/Tex_HP.uasset" 26
"../../../../../../Users/RTGUnit02/Documents/Unreal Projects/FakeWitch/Content/FakeWitch/Blueprint/Widget/WBP_HUD.uasset" 27
"../../../Engine/Content/Functions/Engine_MaterialFunctions02/Utility/BlendAngleCorrectedNormals.uasset" 28
"../../../Engine/Content/Functions/MaterialLayerFunctions/MatLayerBlend_NormalBlend.uasset" 29
"../../../Engine/Content/Functions/MaterialLayerFunctions/MatLayerBlend_Simple.uasset" 30
"../../../../../../Users/RTGUnit02/Documents/Unreal Projects/FakeWitch/Content/Mannequin/Character/Materials/MaterialLayers/T_ML_Rubber_Blue_01_D.uasset" 31
"../../../../../../Users/RTGUnit02/Documents/Unreal Projects/FakeWitch/Content/Mannequin/Character/Materials/MaterialLayers/T_ML_Rubber_Blue_01_N.uasset" 32
"../../../../../../Users/RTGUnit02/Documents/Unreal Projects/FakeWitch/Content/Mannequin/Character/Materials/MaterialLayers/ML_GlossyBlack_Latex_UE4.uasset" 33
"../../../../../../Users/RTGUnit02/Documents/Unreal Projects/FakeWitch/Content/Mannequin/Character/Materials/MaterialLayers/ML_Plastic_Shiny_Beige.uasset" 34
"../../../../../../Users/RTGUnit02/Documents/Unreal Projects/FakeWitch/Content/Mannequin/Character/Textures/UE4_LOGO_CARD.uasset" 35
"../../../../../../Users/RTGUnit02/Documents/Unreal Projects/FakeWitch/Content/Mannequin/Character/Materials/MaterialLayers/ML_Plastic_Shiny_Beige_LOGO.uasset" 36
"../../../../../../Users/RTGUnit02/Documents/Unreal Projects/FakeWitch/Content/Mannequin/Character/Materials/MaterialLayers/T_ML_Aluminum01.uasset" 37
"../../../../../../Users/RTGUnit02/Documents/Unreal Projects/FakeWitch/Content/Mannequin/Character/Materials/MaterialLayers/T_ML_Aluminum01_N.uasset" 38
"../../../../../../Users/RTGUnit02/Documents/Unreal Projects/FakeWitch/Content/Mannequin/Character/Materials/MaterialLayers/ML_SoftMetal_UE4.uasset" 39
"../../../../../../Users/RTGUnit02/Documents/Unreal Projects/FakeWitch/Content/Mannequin/Character/Textures/UE4_Mannequin__normals.uasset" 40
"../../../../../../Users/RTGUnit02/Documents/Unreal Projects/FakeWitch/Content/Mannequin/Character/Textures/UE4_Mannequin_MAT_MASKA.uasset" 41
"../../../../../../Users/RTGUnit02/Documents/Unreal Projects/FakeWitch/Content/Mannequin/Character/Materials/M_UE4Man_Body.uasset" 42
"../../../../../../Users/RTGUnit02/Documents/Unreal Projects/FakeWitch/Content/Mannequin/Character/Textures/UE4Man_Logo_N.uasset" 43
"../../../../../../Users/RTGUnit02/Documents/Unreal Projects/FakeWitch/Content/Mannequin/Character/Materials/M_UE4Man_ChestLogo.uasset" 44
"../../../../../../Users/RTGUnit02/Documents/Unreal Projects/FakeWitch/Content/Mannequin/Character/Mesh/SK_Mannequin_PhysicsAsset.uasset" 45
"../../../../../../Users/RTGUnit02/Documents/Unreal Projects/FakeWitch/Content/Mannequin/Character/Mesh/SK_Mannequin.uasset" 46
"../../../../../../Users/RTGUnit02/Documents/Unreal Projects/FakeWitch/Content/ThirdPersonBP/Blueprints/ThirdPersonCharacter.uasset" 47
"../../../../../../Users/RTGUnit02/Documents/Unreal Projects/FakeWitch/Content/ThirdPersonBP/Blueprints/ThirdPersonGameMode.uasset" 48
"../../../Engine/Content/EngineMaterials/WorldGridMaterial.uasset" 49
"../../../Engine/Content/ArtTools/RenderToTexture/Meshes/S_1_Unit_Plane.uasset" 50
"../../../Engine/Content/BasicShapes/Plane.uasset" 51
"../../../Engine/Content/BasicShapes/Sphere.uasset" 52
"../../../Engine/Content/EditorLandscapeResources/DataLayer.uasset" 53
"../../../Engine/Content/EditorMaterials/GizmoMaterial.uasset" 54
"../../../Engine/Content/EditorMaterials/MAT_Groups_Toggle.uasset" 55
"../../../Engine/Content/EditorMaterials/MAT_Groups_Visibility.uasset" 56
"../../../Engine/Content/EditorMaterials/PreviewShadowIndicator.uasset" 57
"../../../Engine/Content/EditorMaterials/PreviewShadowIndicatorMaterial.uasset" 58
"../../../Engine/Content/EditorMaterials/MatineeGroups/MAT_ColorTrack.uasset" 59
"../../../Engine/Content/EditorMaterials/MatineeGroups/MAT_Groups_Anim.uasset" 60
"../../../Engine/Content/EditorMaterials/MatineeGroups/MAT_Groups_AudioMaster.uasset" 61
"../../../Engine/Content/EditorMaterials/MatineeGroups/MAT_Groups_Director.uasset" 62
"../../../Engine/Content/EditorMaterials/MatineeGroups/MAT_Groups_Event.uasset" 63
"../../../Engine/Content/EditorMaterials/MatineeGroups/MAT_Groups_Fade.uasset" 64
"../../../Engine/Content/EditorMaterials/MatineeGroups/MAT_Groups_Float.uasset" 65
"../../../Engine/Content/EditorMaterials/MatineeGroups/MAT_Groups_Move.uasset" 66
"../../../Engine/Content/EditorMaterials/MatineeGroups/MAT_Groups_Slomo.uasset" 67
"../../../Engine/Content/EditorMaterials/MatineeGroups/MAT_Groups_Sound.uasset" 68
"../../../Engine/Content/EditorMaterials/MatineeGroups/MAT_Groups_Vector.uasset" 69
"../../../Engine/Content/EditorMaterials/ParticleSystems/PSysThumbnail_NoImage.uasset" 70
"../../../Engine/Content/EditorMaterials/ParticleSystems/PSysThumbnail_OOD.uasset" 71
"../../../Engine/Content/EditorMaterials/Camera/CineMat.uasset" 72
"../../../Engine/Content/EditorMaterials/Camera/MI_CineMat_Rig.uasset" 73
"../../../Engine/Content/EditorMeshes/Camera/SM_CraneRig_Arm.uasset" 74
"../../../Engine/Content/EditorMeshes/Camera/SM_CraneRig_Base.uasset" 75
"../../../Engine/Content/EditorMeshes/Camera/SM_CraneRig_Body.uasset" 76
"../../../Engine/Content/EditorMeshes/Camera/SM_CraneRig_Mount.uasset" 77
"../../../Engine/Content/EditorMeshes/Camera/SM_RailRig_Mount.uasset" 78
"../../../Engine/Content/EditorMeshes/Camera/SM_RailRig_Track.uasset" 79
"../../../Engine/Content/EditorResources/BSPVertex.uasset" 80
"../../../Engine/Content/EditorResources/EmptyActor.uasset" 81
"../../../Engine/Content/EditorResources/S_Actor.uasset" 82
"../../../Engine/Content/EditorResources/S_Trigger.uasset" 83
"../../../Engine/Content/EditorResources/LightIcons/S_LightError.uasset" 84
"../../../Engine/Content/EditorResources/SequenceRecorder/Countdown.uasset" 85
"../../../Engine/Content/EditorResources/SequenceRecorder/RecordingIndicator.uasset" 86
"../../../Engine/Content/EditorSounds/Notifications/CompileFailed.uasset" 87
"../../../Engine/Content/EditorSounds/Notifications/CompileFailed_Cue.uasset" 88
"../../../Engine/Content/EditorSounds/Notifications/CompileSuccess.uasset" 89
"../../../Engine/Content/EditorSounds/Notifications/CompileStart_Cue.uasset" 90
"../../../Engine/Content/EditorSounds/Notifications/CompileSuccess_Cue.uasset" 91
"../../../Engine/Content/EngineDamageTypes/DmgTypeBP_Environmental.uasset" 92
"../../../Engine/Content/EngineDebugMaterials/HeatmapGradient.uasset" 93
"../../../Engine/Content/EngineDebugMaterials/BoneWeightMaterial.uasset" 94
"../../../Engine/Content/EngineDebugMaterials/ClothMaterial.uasset" 95
"../../../Engine/Content/EngineDebugMaterials/ClothMaterial_WF.uasset" 96
"../../../Engine/Content/EngineDebugMaterials/DebugEditorMaterial.uasset" 97
"../../../Engine/Content/EngineDebugMaterials/DebugMeshMaterial.uasset" 98
"../../../Engine/Content/EngineDebugMaterials/GeomMaterial.uasset" 99
"../../../Engine/Content/EngineDebugMaterials/M_SimpleTranslucent.uasset" 100
"../../../Engine/Content/EngineFonts/Faces/RobotoBold.uasset" 101
"../../../Engine/Content/EngineFonts/Faces/RobotoBoldItalic.uasset" 102
"../../../Engine/Content/EngineFonts/Faces/RobotoItalic.uasset" 103
"../../../Engine/Content/EngineFonts/Faces/RobotoLight.uasset" 104
"../../../Engine/Content/EngineFonts/Faces/RobotoRegular.uasset" 105
"../../../Engine/Content/EngineFonts/Roboto.uasset" 106
"../../../Engine/Content/EngineFonts/Faces/RobotoTiny.uasset" 107
"../../../Engine/Content/EngineFonts/RobotoTiny.uasset" 108
"../../../Engine/Content/EngineMaterials/BaseFlattenDiffuseMap.uasset" 109
"../../../Engine/Content/EngineMaterials/BaseFlattenEmissiveMap.uasset" 110
"../../../Engine/Content/EngineMaterials/BaseFlattenGrayscaleMap.uasset" 111
"../../../Engine/Content/EngineMaterials/BaseFlattenNormalMap.uasset" 112
"../../../Engine/Content/EngineMaterials/BaseFlattenMaterial.uasset" 113
"../../../Engine/Content/EngineMaterials/DefaultBloomKernel.uasset" 114
"../../../Engine/Content/EngineMaterials/DefaultBokeh.uasset" 115
"../../../Engine/Content/EngineMaterials/DefaultDiffuse.uasset" 116
"../../../Engine/Content/EngineMaterials/DefaultDeferredDecalMaterial.uasset" 117
"../../../Engine/Content/EngineMaterials/DefaultLightFunctionMaterial.uasset" 118
"../../../Engine/Content/EngineMaterials/DefaultPhysicalMaterial.uasset" 119
"../../../Engine/Content/Functions/Engine_MaterialFunctions02/Utility/BreakOutFloat2Components.uasset" 120
"../../../Engine/Content/EngineMaterials/DefaultPostProcessMaterial.uasset" 121
"../../../Engine/Content/EngineFonts/RobotoDistanceField.uasset" 122
"../../../Engine/Content/EngineMaterials/DefaultTextMaterialOpaque.uasset" 123
"../../../Engine/Content/EngineMaterials/DefaultWhiteGrid.uasset" 124
"../../../Engine/Content/EngineMaterials/EditorBrushMaterial.uasset" 125
"../../../Engine/Content/EngineMaterials/MiniFont.uasset" 126
"../../../Engine/Content/EngineMaterials/InvalidLightmapSettings.uasset" 127
"../../../Engine/Content/EngineMaterials/M_InvalidLightmapSettings.uasset" 128
"../../../Engine/Content/Functions/Engine_MaterialFunctions02/WorldPositionOffset/CameraOffset.uasset" 129
"../../../Engine/Content/EngineMaterials/PhAT_JointLimitMaterial.uasset" 130
"../../../Engine/Content/EngineMaterials/PreintegratedSkinBRDF.uasset" 131
"../../../Engine/Content/EngineMaterials/RemoveSurfaceMaterial.uasset" 132
"../../../Engine/Content/EngineMaterials/WeightMapPlaceholderTexture.uasset" 133
"../../../Engine/Content/EngineResources/WhiteSquareTexture.uasset" 134
"../../../Engine/Content/EngineMaterials/Widget3DPassThrough.uasset" 135
"../../../Engine/Content/EngineMaterials/Widget3DPassThrough_Masked.uasset" 136
"../../../Engine/Content/EngineMaterials/Widget3DPassThrough_Opaque.uasset" 137
"../../../Engine/Content/EngineMaterials/Widget3DPassThrough_Masked_OneSided.uasset" 138
"../../../Engine/Content/EngineMaterials/Widget3DPassThrough_Opaque_OneSided.uasset" 139
"../../../Engine/Content/EngineMaterials/Widget3DPassThrough_Translucent.uasset" 140
"../../../Engine/Content/EngineMaterials/Widget3DPassThrough_Translucent_OneSided.uasset" 141
"../../../Engine/Content/EngineMeshes/Cylinder.uasset" 142
"../../../Engine/Content/EngineMeshes/Sphere.uasset" 143
"../../../Engine/Content/EngineResources/Black.uasset" 144
"../../../Engine/Content/EngineResources/DefaultTexture.uasset" 145
"../../../Engine/Content/EngineResources/DefaultTextureCube.uasset" 146
"../../../Engine/Content/EngineResources/DefaultVolumeTexture2D.uasset" 147
"../../../Engine/Content/EngineResources/DefaultVolumeTexture.uasset" 148
"../../../Engine/Content/EngineResources/GradientTexture0.uasset" 149
"../../../Engine/Content/EngineSounds/Master.uasset" 150
"../../../Engine/Content/Functions/Engine_MaterialFunctions01/Shading/ConvertFromDiffSpec.uasset" 151
"../../../Engine/Content/Functions/Engine_MaterialFunctions01/Shading/PowerToRoughness.uasset" 152
"../../../Engine/Content/Maps/Templates/Thumbnails/Default.uasset" 153
"../../../Engine/Content/Maps/Templates/Thumbnails/VR-Basic.uasset" 154
"../../../Engine/Content/MobileResources/T_MobileControls_texture.uasset" 155
"../../../Engine/Content/MobileResources/T_MobileMenu2.uasset" 156
"../../../Engine/Content/MobileResources/HUD/AnalogHat.uasset" 157
"../../../Engine/Content/MobileResources/HUD/VirtualJoystick_Background.uasset" 158
"../../../Engine/Content/MobileResources/HUD/VirtualJoystick_Thumb.uasset" 159
"../../../Engine/Content/MobileResources/HUD/DefaultVirtualJoysticks.uasset" 160
"../../../Engine/Content/MobileResources/HUD/LeftVirtualJoystickOnly.uasset" 161
"../../../Engine/Content/MobileResources/HUD/MobileHUDButton1_off.uasset" 162
"../../../Engine/Content/MobileResources/HUD/MobileHUDButton1_on.uasset" 163
"../../../Engine/Content/MobileResources/HUD/MobileHUDButton2_off.uasset" 164
"../../../Engine/Content/MobileResources/HUD/MobileHUDButton2_on.uasset" 165
"../../../Engine/Content/MobileResources/HUD/MobileHUDButton3.uasset" 166
"../../../Engine/Content/MobileResources/HUD/MobileHUDButtonFire.uasset" 167
"../../../Engine/Content/MobileResources/HUD/MobileHUDDirectionPad.uasset" 168
"../../../Engine/Content/MobileResources/HUD/MobileHUDDirectionPad2.uasset" 169
"../../../Engine/Content/MobileResources/HUD/MobileHUDDirectionPad3.uasset" 170
"../../../Engine/Content/MobileResources/HUD/MobileHUDDirectionStick.uasset" 171
"../../../Engine/Content/MobileResources/HUD/T_Castle_ThumbstickInner.uasset" 172
"../../../Engine/Content/MobileResources/HUD/T_Castle_ThumbstickOutter.uasset" 173
"../../../Engine/Content/Tutorial/ContentIntroCurve.uasset" 174
"../../../Engine/Content/VREditor/LaserPointer/VR_LaserPower_01.uasset" 175
"../../../Engine/Content/VREditor/TransformGizmo/TransformGizmoMaterial.uasset" 176
"../../../Engine/Content/VREditor/TransformGizmo/TranslucentTransformGizmoMaterial.uasset" 177
"../../../Engine/Content/VREditor/TransformGizmo/BoundingBoxCorner.uasset" 178
"../../../Engine/Content/VREditor/TransformGizmo/BoundingBoxEdge.uasset" 179
"../../../Engine/Content/VREditor/TransformGizmo/PlaneTranslationHandle.uasset" 180
"../../../Engine/Content/VREditor/TransformGizmo/Main.uasset" 181
"../../../Engine/Content/VREditor/TransformGizmo/Xray.uasset" 182
"../../../Engine/Content/VREditor/TransformGizmo/SM_Sequencer_Key.uasset" 183
"../../../Engine/Content/VREditor/TransformGizmo/SM_Sequencer_Node.uasset" 184
"../../Plugins/2D/Paper2D/Content/PlaceholderTextures/DummySpriteTexture.uasset" 185
"../../Plugins/2D/Paper2D/Content/DummySprite.uasset" 186
"../../Plugins/2D/Paper2D/Content/DefaultPaperTerrainMaterial.uasset" 187
"../../Plugins/2D/Paper2D/Content/DefaultSpriteMaterial.uasset" 188
"../../Plugins/2D/Paper2D/Content/MaskedUnlitSpriteMaterial.uasset" 189
"../../Plugins/2D/Paper2D/Content/OpaqueUnlitSpriteMaterial.uasset" 190
"../../../Engine/Content/Functions/Engine_MaterialFunctions01/Texturing/FlattenNormal.uasset" 191
"../../../Engine/Content/EngineMaterials/FlatNormal.uasset" 192
"../../Plugins/Enterprise/DatasmithContent/Content/Materials/CE_BaseMaster.uasset" 193
"../../Plugins/Enterprise/DatasmithContent/Content/Materials/CE_OpacityMaster.uasset" 194
"../../Plugins/Enterprise/DatasmithContent/Content/Materials/CE_OpacitySimpleMaster.uasset" 195
"../../Plugins/Enterprise/DatasmithContent/Content/Materials/CE_OpaqueMaster.uasset" 196
"../../../Engine/Content/Functions/Engine_MaterialFunctions01/Texturing/ComputeMipLevel.uasset" 197
"../../../Engine/Content/Functions/Engine_MaterialFunctions01/Texturing/TextureCropping.uasset" 198
"../../../Engine/Content/Functions/Engine_MaterialFunctions02/Utility/BreakOutFloat3Components.uasset" 199
"../../../Engine/Content/Functions/Engine_MaterialFunctions02/ExampleContent/DebugNumberStrip.uasset" 200
"../../../Engine/Content/Functions/Engine_MaterialFunctions02/ExampleContent/Textures/DebugNumberPeriod.uasset" 201
"../../../Engine/Content/Functions/Engine_MaterialFunctions02/Utility/DebugScalarValues.uasset" 202
"../../../Engine/Content/Functions/Engine_MaterialFunctions02/Utility/DebugFloat3Values.uasset" 203
"../../../Engine/Content/Functions/Engine_MaterialFunctions02/Utility/MakeFloat3.uasset" 204
"../../../Engine/Content/Functions/Engine_MaterialFunctions02/Math/RGBtoHSV.uasset" 205
"../../../Engine/Content/Functions/Engine_MaterialFunctions02/Utility/BreakOutFloat4Components.uasset" 206
"../../../Engine/Content/Functions/Engine_MaterialFunctions02/Utility/DebugFloat4Values.uasset" 207
"../../Plugins/Enterprise/DatasmithContent/Content/Materials/Datasmith_Color.uasset" 208
"../../../Engine/Content/Functions/Engine_MaterialFunctions02/ExampleContent/Textures/flipbook.uasset" 209
"../../Plugins/Enterprise/DatasmithContent/Content/Materials/ExtractColor.uasset" 210
"../../../Engine/Content/Functions/Engine_MaterialFunctions02/Texturing/CustomRotator.uasset" 211
"../../Plugins/Enterprise/DatasmithContent/Content/Materials/UVEdit.uasset" 212
"../../Plugins/Enterprise/DatasmithContent/Content/Materials/Datasmith_Material.uasset" 213
"../../Plugins/Enterprise/DatasmithContent/Content/Materials/SketchUpMaster.uasset" 214
"../../Plugins/Enterprise/DatasmithContent/Content/Materials/FBXImporter/DeltaGenUVEdit.uasset" 215
"../../Plugins/Enterprise/DatasmithContent/Content/Materials/FBXImporter/DeltaGenBase.uasset" 216
"../../../Engine/Content/EngineMaterials/T_Default_Normal.uasset" 217
"../../Plugins/Enterprise/DatasmithContent/Content/Materials/FBXImporter/DeltaGenMaster.uasset" 218
"../../Plugins/Enterprise/DatasmithContent/Content/Materials/FBXImporter/DeltaGenMasterTransparent.uasset" 219
"../../Plugins/Enterprise/DatasmithContent/Content/Materials/FBXImporter/VREDUVEdit.uasset" 220
"../../Plugins/Enterprise/DatasmithContent/Content/Materials/FBXImporter/VREDBase.uasset" 221
"../../Plugins/Enterprise/DatasmithContent/Content/Materials/FBXImporter/VREDMaster.uasset" 222
"../../Plugins/Enterprise/DatasmithContent/Content/Materials/FBXImporter/VREDMasterTransparent.uasset" 223
"../../Plugins/Enterprise/DatasmithContent/Content/Materials/MDL/Base.uasset" 224
"../../../Engine/Content/EditorLandscapeResources/WhiteSquareTexture.uasset" 225
"../../Plugins/Enterprise/DatasmithContent/Content/Materials/MDL/ClearCoat.uasset" 226
"../../Plugins/Enterprise/DatasmithContent/Content/Materials/MDL/Emissive.uasset" 227
"../../Plugins/Enterprise/DatasmithContent/Content/Materials/MDL/BaseOpacity.uasset" 228
"../../../Engine/Content/Functions/Engine_MaterialFunctions02/Texturing/ScreenAlignedPixelToPixelUVs.uasset" 229
"../../../Engine/Content/EngineMaterials/Good64x64TilingNoiseHighFreq.uasset" 230
"../../../Engine/Content/Functions/Engine_MaterialFunctions02/Utility/DitherTemporalAA.uasset" 231
"../../Plugins/Enterprise/DatasmithContent/Content/Materials/MDL/Masked.uasset" 232
"../../Plugins/Enterprise/DatasmithContent/Content/Materials/MDL/Opaque.uasset" 233
"../../Plugins/Enterprise/DatasmithContent/Content/Materials/MDL/Transparent.uasset" 234
"../../Plugins/Runtime/Oculus/OculusVR/Content/Materials/PokeAHoleMaterial.uasset" 235
"../../Plugins/Runtime/Oculus/OculusVR/Content/Textures/GearVRController_AO.uasset" 236
"../../Plugins/Runtime/Oculus/OculusVR/Content/Textures/GearVRController_Color.uasset" 237
"../../Plugins/Runtime/Oculus/OculusVR/Content/Textures/GearVRController_Normal.uasset" 238
"../../Plugins/Runtime/Oculus/OculusVR/Content/Materials/GearVRControllerMaterial.uasset" 239
"../../Plugins/Runtime/Oculus/OculusVR/Content/Meshes/GearVrController.uasset" 240
"../../Plugins/Runtime/Oculus/OculusVR/Content/Textures/touchController_albedo.uasset" 241
"../../Plugins/Runtime/Oculus/OculusVR/Content/Textures/touchController_controlmap.uasset" 242
"../../Plugins/Runtime/Oculus/OculusVR/Content/Materials/touchController_mat.uasset" 243
"../../Plugins/Runtime/Oculus/OculusVR/Content/Meshes/LeftTouchController.uasset" 244
"../../Plugins/Runtime/Oculus/OculusVR/Content/Meshes/RiftHMD.uasset" 245
"../../Plugins/Runtime/Oculus/OculusVR/Content/Meshes/RightTouchController.uasset" 246
"../../../Enterprise/Plugins/Editor/StaticMeshEditorExtension/Content/HoveredFaceMaterial.uasset" 247
"../../../Enterprise/Plugins/Editor/StaticMeshEditorExtension/Content/HoveredGeometryMaterial.uasset" 248
"../../../Enterprise/Plugins/Editor/StaticMeshEditorExtension/Content/WireWorldOffset.uasset" 249
"../../../Enterprise/Plugins/Editor/StaticMeshEditorExtension/Content/OverlayLineMaterial.uasset" 250
"../../../Enterprise/Plugins/Editor/StaticMeshEditorExtension/Content/OverlayPointMaterial.uasset" 251
"../../../Enterprise/Plugins/Editor/StaticMeshEditorExtension/Content/WireMaterial.uasset" 252
"../../../Enterprise/Plugins/Editor/StaticMeshEditorExtension/Content/WireMaterialBaseCage.uasset" 253
"../../../Engine/Content/EngineSky/C_Sky_Cloud_Color.uasset" 254
"../../../Engine/Content/EngineSky/C_Sky_Horizon_Color.uasset" 255
"../../../Engine/Content/EngineSky/C_Sky_Zenith_Color.uasset" 256
"../../../Engine/Content/EngineSky/T_Sky_Blue.uasset" 257
"../../../Engine/Content/EngineSky/T_Sky_Clouds_M.uasset" 258
"../../../Engine/Content/EngineSky/T_Sky_Stars.uasset" 259
"../../../Engine/Content/EngineSky/M_Sky_Panning_Clouds2.uasset" 260
"../../../Engine/Content/EngineSky/SM_SkySphere.uasset" 261
"../../../Engine/Content/EngineSky/BP_Sky_Sphere.uasset" 262
"../../../../../../Users/RTGUnit02/Documents/Unreal Projects/FakeWitch/Content/FakeWitch/Asset/Material/Mat_BGMix.uasset" 263
"../../../../../../Users/RTGUnit02/Documents/Unreal Projects/FakeWitch/Content/FakeWitch/Blueprint/Actor/Flask/BPChild_FlaskCyan.uasset" 264
"../../../Engine/Content/BasicShapes/Cylinder.uasset" 265
"../../../../../../Users/RTGUnit02/Documents/Unreal Projects/FakeWitch/Content/FakeWitch/Blueprint/Actor/Mixer/BP_Mixer.uasset" 266
"../../../../../../Users/RTGUnit02/Documents/Unreal Projects/FakeWitch/Content/FakeWitch/Blueprint/Actor/Mixer/BPChild_BGMixer.uasset" 267
"../../../../../../Users/RTGUnit02/Documents/Unreal Projects/FakeWitch/Content/FakeWitch/Asset/Material/Mat_RGMix.uasset" 268
"../../../../../../Users/RTGUnit02/Documents/Unreal Projects/FakeWitch/Content/FakeWitch/Blueprint/Actor/Flask/BPChild_FlaskYellow.uasset" 269
"../../../../../../Users/RTGUnit02/Documents/Unreal Projects/FakeWitch/Content/FakeWitch/Blueprint/Actor/Mixer/BPChild_RGMixer.uasset" 270
"../../../Engine/Content/BasicShapes/Cube.uasset" 271
"../../../../../../Users/RTGUnit02/Documents/Unreal Projects/FakeWitch/Content/FakeWitch/Blueprint/Actor/Pot/BP_RedPot.uasset" 272
"../../../../../../Users/RTGUnit02/Documents/Unreal Projects/FakeWitch/Content/FakeWitch/Blueprint/Actor/Pot/BPChild_BluePot.uasset" 273
"../../../../../../Users/RTGUnit02/Documents/Unreal Projects/FakeWitch/Content/FakeWitch/Blueprint/Actor/Pot/BPChild_GreenPot.uasset" 274
"../../../../../../Users/RTGUnit02/Documents/Unreal Projects/FakeWitch/Content/FakeWitch/Blueprint/Actor/Pot/BPChild_RedPot.uasset" 275
"../../../../../../Users/RTGUnit02/Documents/Unreal Projects/FakeWitch/Content/FakeWitch/Asset/Material/Mat_Shelf.uasset" 276
"../../../../../../Users/RTGUnit02/Documents/Unreal Projects/FakeWitch/Content/FakeWitch/Blueprint/Actor/Shelf/BP_Shelf.uasset" 277
"../../../../../../Users/RTGUnit02/Documents/Unreal Projects/FakeWitch/Content/FakeWitch/Blueprint/Core/PC_FakeWitch.uasset" 278
"../../../../../../Users/RTGUnit02/Documents/Unreal Projects/FakeWitch/Content/FakeWitch/Blueprint/Core/GM_FakeWitch.uasset" 279
"../../../../../../Users/RTGUnit02/Documents/Unreal Projects/FakeWitch/Content/ThirdPersonBP/Blueprints/AICharacter.uasset" 280
"../../../../../../Users/RTGUnit02/Documents/Unreal Projects/FakeWitch/Content/FakeWitch/Level/Level1_BuiltData.uasset" 281
"../../../Engine/Content/MapTemplates/SM_Template_Map_Floor.uasset" 282
"../../../../../../Users/RTGUnit02/Documents/Unreal Projects/FakeWitch/Content/FakeWitch/Level/Level1.umap" 283
"../../../../../../Users/RTGUnit02/Documents/Unreal Projects/FakeWitch/Content/FakeWitch/Blueprint/Core/PC_MainMenu.uasset" 284
"../../../../../../Users/RTGUnit02/Documents/Unreal Projects/FakeWitch/Content/FakeWitch/Blueprint/Core/GM_MainMenu.uasset" 285
"../../../../../../Users/RTGUnit02/Documents/Unreal Projects/FakeWitch/Content/FakeWitch/Blueprint/Widget/WBP_MainMenu.uasset" 286
"../../../../../../Users/RTGUnit02/Documents/Unreal Projects/FakeWitch/Content/FakeWitch/Level/MainMenu.umap" 287
"../../../Engine/Content/Maps/Entry_BuiltData.uasset" 288
"../../../Engine/Content/Maps/Entry.umap" 289
